<?xml version="1.0" encoding="UTF-8"?>
<!-- Generated by org.testng.reporters.JUnitXMLReporter -->
<testsuite hostname="DESKTOP-09AOGHD" ignored="0" name="Surefire test" tests="1" failures="1" timestamp="2022-05-31T01:31:52 IST" time="2.623" errors="0">
  <testcase name="runScenario" time="0.61" classname="io.cucumber.testng.AbstractTestNGCucumberTests">
    <failure type="java.lang.NullPointerException">
      <![CDATA[java.lang.NullPointerException
at pageObjects.LandingPage.searchItem(LandingPage.java:20)
at stepDefinations.LandingPageStepDefination.user_searched_with_shortname_and_extracted_actual_name_of_product(LandingPageStepDefination.java:26)
at ✽.user searched with Shortname Tom and extracted actual name of product(file:///F:/Java/Selenium/cucumberscratch/src/test/java/features/checkout.feature:7)
]]>
    </failure>
  </testcase> <!-- runScenario -->
</testsuite> <!-- Surefire test -->
