<?xml version="1.0" encoding="UTF-8"?>
<!-- Generated by org.testng.reporters.JUnitReportReporter -->
<testsuite skipped="0" hostname="DESKTOP-09AOGHD" name="cucumberOptions.TestNGTestRunner" tests="1" failures="0" timestamp="2022-05-31T01:31:52 IST" time="0.610" errors="1">
  <testcase name="runScenario" time="0.610" classname="cucumberOptions.TestNGTestRunner">
    <error type="java.lang.NullPointerException">
      <![CDATA[java.lang.NullPointerException
at pageObjects.LandingPage.searchItem(LandingPage.java:20)
at stepDefinations.LandingPageStepDefination.user_searched_with_shortname_and_extracted_actual_name_of_product(LandingPageStepDefination.java:26)
at ✽.user searched with Shortname Tom and extracted actual name of product(file:///F:/Java/Selenium/cucumberscratch/src/test/java/features/checkout.feature:7)
]]>
    </error>
  </testcase> <!-- runScenario -->
  <system-out/>
</testsuite> <!-- cucumberOptions.TestNGTestRunner -->
